<?xml version="1.0" encoding="UTF-8"?>
<Site BuildName="(empty)"
	BuildStamp="20250212-0152-Experimental"
	Name="LLK"
	Generator="ctest-3.16.3"
	CompilerName="/usr/bin/c++"
	CompilerVersion="9.4.0"
	OSName="Linux"
	Hostname="LLK"
	OSRelease="5.15.167.4-microsoft-standard-WSL2"
	OSVersion="#1 SMP Tue Nov 5 00:21:55 UTC 2024"
	OSPlatform="x86_64"
	Is64Bits="1"
	VendorString="GenuineIntel"
	VendorID="Intel Corporation"
	FamilyID="6"
	ModelID="154"
	ProcessorCacheSize="18432"
	NumberOfLogicalCPU="16"
	NumberOfPhysicalCPU="8"
	TotalVirtualMemory="2048"
	TotalPhysicalMemory="7790"
	LogicalProcessorsPerPhysical="2"
	ProcessorClockFrequency="3110.41"
	>
	<Testing>
		<StartDateTime>Feb 12 14:18 CST</StartDateTime>
		<StartTestTime>1739341092</StartTestTime>
		<TestList/>
		<EndDateTime>Feb 12 14:18 CST</EndDateTime>
		<EndTestTime>1739341092</EndTestTime>
		<ElapsedMinutes>0</ElapsedMinutes>
	</Testing>
</Site>
